WARNING 2026-02-08 21:56:03,288 log 21952 20408 Bad Request: /api/department-head/login/
WARNING 2026-02-08 21:59:13,883 log 24024 17488 Unauthorized: /api/students/bulk-import/
WARNING 2026-02-08 22:03:28,576 log 1844 5068 Bad Request: /api/faculty/
WARNING 2026-02-08 22:23:01,112 log 1828 17488 Too Many Requests: /api/department-heads/2/
WARNING 2026-02-08 22:23:01,113 log 1828 15312 Too Many Requests: /api/students/
WARNING 2026-02-08 22:23:01,116 log 1828 15312 Too Many Requests: /api/students/
WARNING 2026-02-08 22:23:01,560 log 1828 15312 Too Many Requests: /api/department-heads/2/
WARNING 2026-02-08 22:23:01,562 log 1828 17488 Too Many Requests: /api/faculty/
WARNING 2026-02-08 22:23:01,565 log 1828 15312 Too Many Requests: /api/faculty/
WARNING 2026-02-08 22:23:14,112 log 1828 15312 Too Many Requests: /api/department-heads/2/
WARNING 2026-02-08 22:23:14,113 log 1828 17488 Too Many Requests: /api/students/
WARNING 2026-02-08 22:23:14,116 log 1828 17488 Too Many Requests: /api/students/
WARNING 2026-02-08 22:23:14,383 log 1828 17488 Too Many Requests: /api/department-heads/2/
WARNING 2026-02-08 22:23:14,385 log 1828 15312 Too Many Requests: /api/faculty/
WARNING 2026-02-08 22:23:14,388 log 1828 15312 Too Many Requests: /api/faculty/
WARNING 2026-02-08 22:23:14,648 log 1828 15312 Too Many Requests: /api/department-heads/2/
WARNING 2026-02-08 22:23:14,649 log 1828 17488 Too Many Requests: /api/evaluation-forms/
WARNING 2026-02-08 22:23:14,653 log 1828 17488 Too Many Requests: /api/evaluation-forms/
WARNING 2026-02-08 22:23:14,902 log 1828 17488 Too Many Requests: /api/department-heads/2/
WARNING 2026-02-08 22:23:15,153 log 1828 17488 Too Many Requests: /api/department-heads/2/
WARNING 2026-02-08 22:23:15,154 log 1828 15312 Too Many Requests: /api/audit-logs/
WARNING 2026-02-08 22:23:15,157 log 1828 15312 Too Many Requests: /api/audit-logs/
WARNING 2026-02-08 22:23:15,448 log 1828 15312 Too Many Requests: /api/department-heads/2/
WARNING 2026-02-08 22:23:15,696 log 1828 15312 Too Many Requests: /api/department-heads/2/
WARNING 2026-02-08 22:23:15,697 log 1828 17488 Too Many Requests: /api/evaluation-forms/
WARNING 2026-02-08 22:23:15,700 log 1828 17488 Too Many Requests: /api/evaluation-forms/
WARNING 2026-02-08 22:23:16,201 log 1828 17488 Too Many Requests: /api/department-heads/2/
WARNING 2026-02-08 22:23:16,203 log 1828 15312 Too Many Requests: /api/students/
WARNING 2026-02-08 22:23:16,206 log 1828 15312 Too Many Requests: /api/students/
WARNING 2026-02-08 22:23:16,441 log 1828 15312 Too Many Requests: /api/department-heads/2/
WARNING 2026-02-08 22:23:17,033 log 1828 15312 Too Many Requests: /api/department-heads/2/
WARNING 2026-02-08 22:23:17,034 log 1828 17488 Too Many Requests: /api/students/
WARNING 2026-02-08 22:23:17,039 log 1828 17488 Too Many Requests: /api/students/
WARNING 2026-02-08 22:23:17,688 log 1828 17488 Too Many Requests: /api/department-heads/2/
WARNING 2026-02-08 22:23:17,689 log 1828 15312 Too Many Requests: /api/evaluation-forms/
WARNING 2026-02-08 22:23:17,692 log 1828 15312 Too Many Requests: /api/evaluation-forms/
WARNING 2026-02-08 22:23:17,959 log 1828 15312 Too Many Requests: /api/department-heads/2/
WARNING 2026-02-08 22:23:19,119 log 1828 15312 Too Many Requests: /api/department-heads/2/
WARNING 2026-02-08 22:23:19,120 log 1828 17488 Too Many Requests: /api/evaluation-forms/
WARNING 2026-02-08 22:23:19,123 log 1828 17488 Too Many Requests: /api/evaluation-forms/
WARNING 2026-02-08 22:23:19,505 log 1828 17488 Too Many Requests: /api/department-heads/2/
WARNING 2026-02-08 22:23:19,506 log 1828 15312 Too Many Requests: /api/faculty/
WARNING 2026-02-08 22:23:19,508 log 1828 15312 Too Many Requests: /api/faculty/
WARNING 2026-02-08 22:23:19,920 log 1828 15312 Too Many Requests: /api/department-heads/2/
WARNING 2026-02-08 22:23:19,920 log 1828 17488 Too Many Requests: /api/evaluation-forms/
WARNING 2026-02-08 22:23:19,924 log 1828 17488 Too Many Requests: /api/evaluation-forms/
WARNING 2026-02-08 22:23:20,296 log 1828 17488 Too Many Requests: /api/department-heads/2/
WARNING 2026-02-08 22:23:20,297 log 1828 15312 Too Many Requests: /api/audit-logs/
WARNING 2026-02-08 22:23:20,301 log 1828 15312 Too Many Requests: /api/audit-logs/
WARNING 2026-02-08 22:23:20,785 log 1828 15312 Too Many Requests: /api/department-heads/2/
WARNING 2026-02-08 22:23:21,585 log 1828 15312 Too Many Requests: /api/department-heads/2/
WARNING 2026-02-08 22:23:21,586 log 1828 17488 Too Many Requests: /api/faculty/
WARNING 2026-02-08 22:23:21,589 log 1828 17488 Too Many Requests: /api/faculty/
WARNING 2026-02-08 22:23:21,921 log 1828 17488 Too Many Requests: /api/department-heads/2/
WARNING 2026-02-08 22:23:21,922 log 1828 15312 Too Many Requests: /api/students/
WARNING 2026-02-08 22:23:21,926 log 1828 15312 Too Many Requests: /api/students/
WARNING 2026-02-08 22:23:22,241 log 1828 15312 Too Many Requests: /api/department-heads/2/
WARNING 2026-02-08 22:23:22,632 log 1828 15312 Too Many Requests: /api/department-heads/2/
WARNING 2026-02-08 22:23:22,633 log 1828 17488 Too Many Requests: /api/students/
WARNING 2026-02-08 22:23:22,635 log 1828 17488 Too Many Requests: /api/students/
WARNING 2026-02-08 22:23:23,344 log 1828 17488 Too Many Requests: /api/department-heads/2/
WARNING 2026-02-08 22:23:23,345 log 1828 15312 Too Many Requests: /api/evaluation-forms/
WARNING 2026-02-08 22:23:23,349 log 1828 15312 Too Many Requests: /api/evaluation-forms/
WARNING 2026-02-08 22:23:23,599 log 1828 15312 Too Many Requests: /api/department-heads/2/
WARNING 2026-02-08 22:23:23,860 log 1828 15312 Too Many Requests: /api/department-heads/2/
WARNING 2026-02-08 22:23:23,861 log 1828 17488 Too Many Requests: /api/audit-logs/
WARNING 2026-02-08 22:23:23,864 log 1828 17488 Too Many Requests: /api/audit-logs/
WARNING 2026-02-08 22:23:25,944 log 1828 17488 Too Many Requests: /api/department-heads/2/
WARNING 2026-02-08 22:23:26,209 log 1828 17488 Too Many Requests: /api/department-heads/2/
WARNING 2026-02-08 22:23:26,211 log 1828 15312 Too Many Requests: /api/evaluation-forms/
WARNING 2026-02-08 22:23:26,214 log 1828 15312 Too Many Requests: /api/evaluation-forms/
WARNING 2026-02-08 22:23:26,712 log 1828 15312 Too Many Requests: /api/department-heads/2/
WARNING 2026-02-08 22:23:26,713 log 1828 17488 Too Many Requests: /api/faculty/
WARNING 2026-02-08 22:23:26,717 log 1828 17488 Too Many Requests: /api/faculty/
WARNING 2026-02-08 22:23:26,985 log 1828 17488 Too Many Requests: /api/department-heads/2/
WARNING 2026-02-08 22:23:26,986 log 1828 15312 Too Many Requests: /api/students/
WARNING 2026-02-08 22:23:26,989 log 1828 15312 Too Many Requests: /api/students/
WARNING 2026-02-08 22:23:27,248 log 1828 15312 Too Many Requests: /api/department-heads/2/
WARNING 2026-02-08 22:23:28,028 log 1828 15312 Too Many Requests: /api/department-heads/2/
WARNING 2026-02-08 22:23:28,029 log 1828 17488 Too Many Requests: /api/students/
WARNING 2026-02-08 22:23:28,032 log 1828 17488 Too Many Requests: /api/students/
WARNING 2026-02-08 22:23:28,304 log 1828 17488 Too Many Requests: /api/department-heads/2/
WARNING 2026-02-08 22:23:28,305 log 1828 15312 Too Many Requests: /api/faculty/
WARNING 2026-02-08 22:23:28,308 log 1828 15312 Too Many Requests: /api/faculty/
WARNING 2026-02-08 22:23:28,561 log 1828 15312 Too Many Requests: /api/department-heads/2/
WARNING 2026-02-08 22:23:28,562 log 1828 17488 Too Many Requests: /api/evaluation-forms/
WARNING 2026-02-08 22:23:28,565 log 1828 17488 Too Many Requests: /api/evaluation-forms/
WARNING 2026-02-08 22:23:28,835 log 1828 17488 Too Many Requests: /api/department-heads/2/
WARNING 2026-02-08 22:23:28,837 log 1828 15312 Too Many Requests: /api/audit-logs/
WARNING 2026-02-08 22:23:28,841 log 1828 15312 Too Many Requests: /api/audit-logs/
WARNING 2026-02-08 22:23:29,908 log 1828 15312 Too Many Requests: /api/department-heads/2/
WARNING 2026-02-08 22:23:30,191 log 1828 15312 Too Many Requests: /api/department-heads/2/
WARNING 2026-02-08 22:23:30,192 log 1828 17488 Too Many Requests: /api/evaluation-forms/
WARNING 2026-02-08 22:23:30,195 log 1828 15312 Too Many Requests: /api/evaluation-forms/
WARNING 2026-02-08 22:23:30,651 log 1828 15312 Too Many Requests: /api/department-heads/2/
WARNING 2026-02-08 22:23:30,651 log 1828 17488 Too Many Requests: /api/faculty/
WARNING 2026-02-08 22:23:30,654 log 1828 17488 Too Many Requests: /api/faculty/
WARNING 2026-02-08 22:23:30,904 log 1828 17488 Too Many Requests: /api/department-heads/2/
WARNING 2026-02-08 22:23:30,905 log 1828 15312 Too Many Requests: /api/students/
WARNING 2026-02-08 22:23:30,908 log 1828 15312 Too Many Requests: /api/students/
WARNING 2026-02-08 22:23:31,138 log 1828 15312 Too Many Requests: /api/department-heads/2/
WARNING 2026-02-08 22:23:31,369 log 1828 15312 Too Many Requests: /api/department-heads/2/
WARNING 2026-02-08 22:23:31,370 log 1828 17488 Too Many Requests: /api/students/
WARNING 2026-02-08 22:23:31,373 log 1828 17488 Too Many Requests: /api/students/
WARNING 2026-02-08 22:23:31,569 log 1828 17488 Too Many Requests: /api/department-heads/2/
WARNING 2026-02-08 22:23:31,570 log 1828 15312 Too Many Requests: /api/faculty/
WARNING 2026-02-08 22:23:31,573 log 1828 15312 Too Many Requests: /api/faculty/
WARNING 2026-02-08 22:23:31,770 log 1828 15312 Too Many Requests: /api/department-heads/2/
WARNING 2026-02-08 22:23:31,771 log 1828 17488 Too Many Requests: /api/evaluation-forms/
WARNING 2026-02-08 22:23:31,774 log 1828 17488 Too Many Requests: /api/evaluation-forms/
WARNING 2026-02-08 22:23:31,978 log 1828 17488 Too Many Requests: /api/department-heads/2/
WARNING 2026-02-08 22:23:32,216 log 1828 17488 Too Many Requests: /api/department-heads/2/
WARNING 2026-02-08 22:23:32,217 log 1828 15312 Too Many Requests: /api/audit-logs/
WARNING 2026-02-08 22:23:32,221 log 1828 15312 Too Many Requests: /api/audit-logs/
WARNING 2026-02-08 22:36:34,526 log 1828 21224 Bad Request: /api/department-head/login/
WARNING 2026-02-09 14:32:52,213 log 10692 21872 Bad Request: /api/department-head/login/
WARNING 2026-02-09 14:32:53,213 log 10692 21872 Bad Request: /api/department-head/login/
WARNING 2026-02-09 14:32:53,820 log 10692 21872 Bad Request: /api/department-head/login/
WARNING 2026-02-09 14:32:54,420 log 10692 21872 Bad Request: /api/department-head/login/
WARNING 2026-02-09 14:32:55,196 log 10692 21872 Bad Request: /api/department-head/login/
WARNING 2026-02-09 14:33:01,450 log 10692 21872 Too Many Requests: /api/department-head/login/
WARNING 2026-02-09 14:33:06,688 log 10692 21872 Too Many Requests: /api/department-head/login/
